::1 - - [05/Apr/2026:16:58:59 +0000] "GET /api/v1/health HTTP/1.1" 200 92 "-" "Mozilla/5.0 (Windows NT 10.0; Win64; x64) AppleWebKit/537.36 (KHTML, like Gecko) Chrome/146.0.0.0 Safari/537.36"
::1 - - [05/Apr/2026:16:58:59 +0000] "GET /favicon.ico HTTP/1.1" 404 150 "http://localhost:3001/api/v1/health" "Mozilla/5.0 (Windows NT 10.0; Win64; x64) AppleWebKit/537.36 (KHTML, like Gecko) Chrome/146.0.0.0 Safari/537.36"
::1 - - [05/Apr/2026:18:05:57 +0000] "GET /api-docs HTTP/1.1" 404 147 "-" "Mozilla/5.0 (Windows NT 10.0; Win64; x64) AppleWebKit/537.36 (KHTML, like Gecko) Chrome/146.0.0.0 Safari/537.36"
::1 - - [05/Apr/2026:18:07:04 +0000] "GET /api-docs HTTP/1.1" 404 147 "-" "Mozilla/5.0 (Windows NT 10.0; Win64; x64) AppleWebKit/537.36 (KHTML, like Gecko) Chrome/146.0.0.0 Safari/537.36"
::1 - - [05/Apr/2026:18:07:05 +0000] "GET /api-docs HTTP/1.1" 404 147 "-" "Mozilla/5.0 (Windows NT 10.0; Win64; x64) AppleWebKit/537.36 (KHTML, like Gecko) Chrome/146.0.0.0 Safari/537.36"
::1 - - [11/Apr/2026:21:13:11 +0000] "GET /api/v1/products HTTP/1.1" 404 154 "-" "Mozilla/5.0 (Windows NT 10.0; Win64; x64) AppleWebKit/537.36 (KHTML, like Gecko) Chrome/146.0.0.0 Safari/537.36"
::1 - - [11/Apr/2026:21:14:46 +0000] "GET /api/v1/products HTTP/1.1" 404 154 "-" "Mozilla/5.0 (Windows NT 10.0; Win64; x64) AppleWebKit/537.36 (KHTML, like Gecko) Chrome/146.0.0.0 Safari/537.36"
::1 - - [11/Apr/2026:21:23:57 +0000] "GET /api/v1/products HTTP/1.1" 200 52 "-" "Mozilla/5.0 (Windows NT 10.0; Win64; x64) AppleWebKit/537.36 (KHTML, like Gecko) Chrome/146.0.0.0 Safari/537.36"
::1 - - [11/Apr/2026:21:23:57 +0000] "GET /.well-known/appspecific/com.chrome.devtools.json HTTP/1.1" 404 187 "-" "Mozilla/5.0 (Windows NT 10.0; Win64; x64) AppleWebKit/537.36 (KHTML, like Gecko) Chrome/146.0.0.0 Safari/537.36"
::1 - - [11/Apr/2026:21:23:57 +0000] "GET /favicon.ico HTTP/1.1" 404 150 "http://localhost:3000/api/v1/products" "Mozilla/5.0 (Windows NT 10.0; Win64; x64) AppleWebKit/537.36 (KHTML, like Gecko) Chrome/146.0.0.0 Safari/537.36"
::1 - - [11/Apr/2026:21:24:38 +0000] "GET /api/v1/products HTTP/1.1" 200 52 "-" "Mozilla/5.0 (Windows NT 10.0; Win64; x64) AppleWebKit/537.36 (KHTML, like Gecko) Chrome/146.0.0.0 Safari/537.36"
::1 - - [11/Apr/2026:21:24:38 +0000] "GET /.well-known/appspecific/com.chrome.devtools.json HTTP/1.1" 404 187 "-" "Mozilla/5.0 (Windows NT 10.0; Win64; x64) AppleWebKit/537.36 (KHTML, like Gecko) Chrome/146.0.0.0 Safari/537.36"
::1 - - [11/Apr/2026:21:25:40 +0000] "GET /api/v1/products HTTP/1.1" 200 52 "-" "bruno-runtime/3.2.0"
::1 - - [11/Apr/2026:21:28:28 +0000] "POST /api/v1/products HTTP/1.1" 201 277 "-" "bruno-runtime/3.2.0"
::1 - - [11/Apr/2026:21:28:41 +0000] "GET /api/v1/products HTTP/1.1" 200 250 "-" "bruno-runtime/3.2.0"
::1 - - [11/Apr/2026:21:32:41 +0000] "POST /api/v1/products HTTP/1.1" 201 277 "-" "bruno-runtime/3.2.0"
::1 - - [11/Apr/2026:21:32:44 +0000] "GET /api/v1/products HTTP/1.1" 200 449 "-" "bruno-runtime/3.2.0"
::1 - - [11/Apr/2026:21:32:48 +0000] "GET /api/v1/products/1 HTTP/1.1" 404 156 "-" "bruno-runtime/3.2.0"
::1 - - [11/Apr/2026:21:39:12 +0000] "GET /api/v1/products/1 HTTP/1.1" 404 31 "-" "bruno-runtime/3.2.0"
::1 - - [11/Apr/2026:21:39:15 +0000] "POST /api/v1/products HTTP/1.1" 201 277 "-" "bruno-runtime/3.2.0"
::1 - - [11/Apr/2026:21:39:18 +0000] "GET /api/v1/products HTTP/1.1" 200 449 "-" "bruno-runtime/3.2.0"
::1 - - [11/Apr/2026:21:39:21 +0000] "GET /api/v1/products/1 HTTP/1.1" 404 31 "-" "bruno-runtime/3.2.0"
::1 - - [11/Apr/2026:21:39:48 +0000] "GET /api/v1/products/prod_000001 HTTP/1.1" 200 279 "-" "bruno-runtime/3.2.0"
::1 - - [11/Apr/2026:21:43:51 +0000] "POST /api/v1/cart/add HTTP/1.1" 404 155 "-" "bruno-runtime/3.2.0"
::1 - - [11/Apr/2026:21:47:28 +0000] "GET /api/v1/cart HTTP/1.1" 404 150 "-" "bruno-runtime/3.2.0"
::1 - - [11/Apr/2026:21:48:32 +0000] "POST /api/v1/carts/add HTTP/1.1" 200 24 "-" "bruno-runtime/3.2.0"
::1 - - [11/Apr/2026:21:48:43 +0000] "GET /api/v1/carts HTTP/1.1" 200 225 "-" "bruno-runtime/3.2.0"
::1 - - [11/Apr/2026:22:15:17 +0000] "POST /api/v1/payments/pay HTTP/1.1" 404 159 "-" "bruno-runtime/3.2.0"
::1 - - [11/Apr/2026:22:21:13 +0000] "POST /api/v1/payments/pay HTTP/1.1" 404 159 "-" "bruno-runtime/3.2.0"
::1 - - [11/Apr/2026:22:26:18 +0000] "POST /api/v1/payments/pay HTTP/1.1" 404 159 "-" "bruno-runtime/3.2.0"
::1 - - [11/Apr/2026:22:31:07 +0000] "POST /api/v1/payments/pay HTTP/1.1" 404 159 "-" "bruno-runtime/3.2.0"
::1 - - [11/Apr/2026:22:31:08 +0000] "POST /api/v1/payments/pay HTTP/1.1" 404 159 "-" "bruno-runtime/3.2.0"
::1 - - [11/Apr/2026:22:31:08 +0000] "POST /api/v1/payments/pay HTTP/1.1" 404 159 "-" "bruno-runtime/3.2.0"
::1 - - [11/Apr/2026:22:34:09 +0000] "POST /api/v1/payments/pay HTTP/1.1" 500 28 "-" "bruno-runtime/3.2.0"
::1 - - [11/Apr/2026:22:39:18 +0000] "POST /api/v1/orders HTTP/1.1" 500 291 "-" "bruno-runtime/3.2.0"
::1 - - [11/Apr/2026:22:42:34 +0000] "POST /api/v1/orders HTTP/1.1" 500 291 "-" "bruno-runtime/3.2.0"
::1 - - [11/Apr/2026:22:42:35 +0000] "POST /api/v1/orders HTTP/1.1" 500 291 "-" "bruno-runtime/3.2.0"
::1 - - [11/Apr/2026:22:47:56 +0000] "POST /api/v1/orders HTTP/1.1" 500 291 "-" "bruno-runtime/3.2.0"
::1 - - [11/Apr/2026:22:48:41 +0000] "POST /api/v1/orders HTTP/1.1" 500 291 "-" "bruno-runtime/3.2.0"
::1 - - [11/Apr/2026:22:48:42 +0000] "POST /api/v1/orders HTTP/1.1" 500 291 "-" "bruno-runtime/3.2.0"
::1 - - [11/Apr/2026:22:50:20 +0000] "POST /api/v1/orders HTTP/1.1" 201 344 "-" "bruno-runtime/3.2.0"
::1 - - [11/Apr/2026:22:52:07 +0000] "POST /api/v1/payments/pay HTTP/1.1" 500 28 "-" "bruno-runtime/3.2.0"
::1 - - [11/Apr/2026:22:58:31 +0000] "POST /api/v1/payments/pay HTTP/1.1" 500 28 "-" "bruno-runtime/3.2.0"
::1 - - [11/Apr/2026:23:14:58 +0000] "POST /api/v1/products HTTP/1.1" 201 277 "-" "bruno-runtime/3.2.0"
::1 - - [11/Apr/2026:23:15:01 +0000] "GET /api/v1/products HTTP/1.1" 200 449 "-" "bruno-runtime/3.2.0"
::1 - - [11/Apr/2026:23:15:04 +0000] "GET /api/v1/products/prod_000001 HTTP/1.1" 200 279 "-" "bruno-runtime/3.2.0"
::1 - - [11/Apr/2026:23:15:08 +0000] "POST /api/v1/carts/add HTTP/1.1" 200 30 "-" "bruno-runtime/3.2.0"
::1 - - [11/Apr/2026:23:15:20 +0000] "GET /api/v1/carts HTTP/1.1" 200 225 "-" "bruno-runtime/3.2.0"
::1 - - [11/Apr/2026:23:15:23 +0000] "POST /api/v1/orders HTTP/1.1" 201 344 "-" "bruno-runtime/3.2.0"
::1 - - [11/Apr/2026:23:15:26 +0000] "POST /api/v1/payments/pay HTTP/1.1" 500 28 "-" "bruno-runtime/3.2.0"
::1 - - [11/Apr/2026:23:16:18 +0000] "POST /api/v1/payments/pay HTTP/1.1" 500 28 "-" "bruno-runtime/3.2.0"
::1 - - [11/Apr/2026:23:39:54 +0000] "POST /api/v1/payments/pay HTTP/1.1" 500 28 "-" "bruno-runtime/3.2.0"
::1 - - [11/Apr/2026:23:50:51 +0000] "POST /api/v1/payments/pay HTTP/1.1" 500 227 "-" "bruno-runtime/3.2.0"
::1 - - [11/Apr/2026:23:54:54 +0000] "POST /api/v1/payments/pay HTTP/1.1" 400 45 "-" "bruno-runtime/3.2.0"
::1 - - [11/Apr/2026:23:56:59 +0000] "POST /api/v1/payments/pay HTTP/1.1" 500 495 "-" "bruno-runtime/3.2.0"
::1 - - [12/Apr/2026:00:05:08 +0000] "POST /api/v1/payments HTTP/1.1" 201 213 "-" "bruno-runtime/3.2.0"
::1 - - [12/Apr/2026:00:06:32 +0000] "POST /api/v1/payments/pay HTTP/1.1" 500 495 "-" "bruno-runtime/3.2.0"
::1 - - [12/Apr/2026:00:30:17 +0000] "POST /api/v1/payments/pay HTTP/1.1" 200 372 "-" "bruno-runtime/3.2.0"
::1 - - [12/Apr/2026:00:31:16 +0000] "GET /api/v1/carts HTTP/1.1" 200 225 "-" "bruno-runtime/3.2.0"
::1 - - [12/Apr/2026:00:31:31 +0000] "GET /api/v1/carts HTTP/1.1" 200 225 "-" "bruno-runtime/3.2.0"
::1 - - [12/Apr/2026:00:34:09 +0000] "POST /api/v1/payments/pay HTTP/1.1" 500 73 "-" "bruno-runtime/3.2.0"
::1 - - [12/Apr/2026:00:34:16 +0000] "GET /api/v1/carts HTTP/1.1" 200 225 "-" "bruno-runtime/3.2.0"
::1 - - [12/Apr/2026:00:35:10 +0000] "POST /api/v1/products HTTP/1.1" 201 277 "-" "bruno-runtime/3.2.0"
::1 - - [12/Apr/2026:00:35:14 +0000] "GET /api/v1/products HTTP/1.1" 200 449 "-" "bruno-runtime/3.2.0"
::1 - - [12/Apr/2026:00:35:17 +0000] "GET /api/v1/products/prod_000001 HTTP/1.1" 200 279 "-" "bruno-runtime/3.2.0"
::1 - - [12/Apr/2026:00:35:20 +0000] "POST /api/v1/carts/add HTTP/1.1" 200 30 "-" "bruno-runtime/3.2.0"
::1 - - [12/Apr/2026:00:35:25 +0000] "GET /api/v1/carts HTTP/1.1" 200 225 "-" "bruno-runtime/3.2.0"
::1 - - [12/Apr/2026:00:35:29 +0000] "POST /api/v1/orders HTTP/1.1" 201 344 "-" "bruno-runtime/3.2.0"
::1 - - [12/Apr/2026:00:35:33 +0000] "POST /api/v1/payments HTTP/1.1" 201 213 "-" "bruno-runtime/3.2.0"
::1 - - [12/Apr/2026:00:35:39 +0000] "POST /api/v1/payments/pay HTTP/1.1" 200 372 "-" "bruno-runtime/3.2.0"
::1 - - [12/Apr/2026:00:35:45 +0000] "GET /api/v1/carts HTTP/1.1" 200 225 "-" "bruno-runtime/3.2.0"
::1 - - [12/Apr/2026:00:39:17 +0000] "POST /api/v1/products HTTP/1.1" 201 277 "-" "bruno-runtime/3.2.0"
::1 - - [12/Apr/2026:00:39:21 +0000] "GET /api/v1/products HTTP/1.1" 200 449 "-" "bruno-runtime/3.2.0"
::1 - - [12/Apr/2026:00:39:24 +0000] "GET /api/v1/products/prod_000001 HTTP/1.1" 200 279 "-" "bruno-runtime/3.2.0"
::1 - - [12/Apr/2026:00:39:27 +0000] "POST /api/v1/carts/add HTTP/1.1" 200 30 "-" "bruno-runtime/3.2.0"
::1 - - [12/Apr/2026:00:39:42 +0000] "GET /api/v1/carts HTTP/1.1" 200 225 "-" "bruno-runtime/3.2.0"
::1 - - [12/Apr/2026:00:39:52 +0000] "POST /api/v1/orders HTTP/1.1" 201 344 "-" "bruno-runtime/3.2.0"
::1 - - [12/Apr/2026:00:40:12 +0000] "POST /api/v1/payments HTTP/1.1" 201 213 "-" "bruno-runtime/3.2.0"
::1 - - [12/Apr/2026:00:40:18 +0000] "POST /api/v1/payments/pay HTTP/1.1" 200 372 "-" "bruno-runtime/3.2.0"
::1 - - [12/Apr/2026:00:40:25 +0000] "GET /api/v1/carts HTTP/1.1" 200 225 "-" "bruno-runtime/3.2.0"
::1 - - [12/Apr/2026:00:41:58 +0000] "POST /api/v1/products HTTP/1.1" 201 277 "-" "bruno-runtime/3.2.0"
::1 - - [12/Apr/2026:00:42:03 +0000] "GET /api/v1/products HTTP/1.1" 200 449 "-" "bruno-runtime/3.2.0"
::1 - - [12/Apr/2026:00:42:06 +0000] "GET /api/v1/products/prod_000001 HTTP/1.1" 200 279 "-" "bruno-runtime/3.2.0"
::1 - - [12/Apr/2026:00:42:09 +0000] "POST /api/v1/carts/add HTTP/1.1" 200 30 "-" "bruno-runtime/3.2.0"
::1 - - [12/Apr/2026:00:42:13 +0000] "GET /api/v1/carts HTTP/1.1" 200 225 "-" "bruno-runtime/3.2.0"
::1 - - [12/Apr/2026:00:42:16 +0000] "POST /api/v1/orders HTTP/1.1" 201 344 "-" "bruno-runtime/3.2.0"
::1 - - [12/Apr/2026:00:42:19 +0000] "POST /api/v1/payments HTTP/1.1" 201 213 "-" "bruno-runtime/3.2.0"
::1 - - [12/Apr/2026:00:42:22 +0000] "POST /api/v1/payments/pay HTTP/1.1" 200 372 "-" "bruno-runtime/3.2.0"
::1 - - [12/Apr/2026:00:42:25 +0000] "GET /api/v1/carts HTTP/1.1" 200 225 "-" "bruno-runtime/3.2.0"
